/localscratch/spool/slurmd/job47512775/slurm_script: line 11: /home/atjhin/myenv/bin/activate: No such file or directory
Defaulting to user installation because normal site-packages is not writeable
Looking in links: /cvmfs/soft.computecanada.ca/custom/python/wheelhouse/gentoo2023/x86-64-v3, /cvmfs/soft.computecanada.ca/custom/python/wheelhouse/gentoo2023/generic, /cvmfs/soft.computecanada.ca/custom/python/wheelhouse/generic
WARNING: Retrying (Retry(total=4, connect=None, read=None, redirect=None, status=None)) after connection broken by 'NewConnectionError('<pip._vendor.urllib3.connection.HTTPSConnection object at 0x149e2495edd0>: Failed to establish a new connection: [Errno 101] Network is unreachable')': /simple/ftfy/
WARNING: Retrying (Retry(total=3, connect=None, read=None, redirect=None, status=None)) after connection broken by 'NewConnectionError('<pip._vendor.urllib3.connection.HTTPSConnection object at 0x149e2495f350>: Failed to establish a new connection: [Errno 101] Network is unreachable')': /simple/ftfy/
WARNING: Retrying (Retry(total=2, connect=None, read=None, redirect=None, status=None)) after connection broken by 'NewConnectionError('<pip._vendor.urllib3.connection.HTTPSConnection object at 0x149e2495fbd0>: Failed to establish a new connection: [Errno 101] Network is unreachable')': /simple/ftfy/
WARNING: Retrying (Retry(total=1, connect=None, read=None, redirect=None, status=None)) after connection broken by 'NewConnectionError('<pip._vendor.urllib3.connection.HTTPSConnection object at 0x149e24968a10>: Failed to establish a new connection: [Errno 101] Network is unreachable')': /simple/ftfy/
WARNING: Retrying (Retry(total=0, connect=None, read=None, redirect=None, status=None)) after connection broken by 'NewConnectionError('<pip._vendor.urllib3.connection.HTTPSConnection object at 0x149e24969110>: Failed to establish a new connection: [Errno 101] Network is unreachable')': /simple/ftfy/
Processing /cvmfs/soft.computecanada.ca/custom/python/wheelhouse/generic/ftfy-6.3.1+computecanada-py3-none-any.whl (from -r requirements.txt (line 1))
WARNING: Retrying (Retry(total=4, connect=None, read=None, redirect=None, status=None)) after connection broken by 'NewConnectionError('<pip._vendor.urllib3.connection.HTTPSConnection object at 0x149e2620e410>: Failed to establish a new connection: [Errno 101] Network is unreachable')': /simple/openpyxl/
WARNING: Retrying (Retry(total=3, connect=None, read=None, redirect=None, status=None)) after connection broken by 'NewConnectionError('<pip._vendor.urllib3.connection.HTTPSConnection object at 0x149e23bdd790>: Failed to establish a new connection: [Errno 101] Network is unreachable')': /simple/openpyxl/
WARNING: Retrying (Retry(total=2, connect=None, read=None, redirect=None, status=None)) after connection broken by 'NewConnectionError('<pip._vendor.urllib3.connection.HTTPSConnection object at 0x149e23bde810>: Failed to establish a new connection: [Errno 101] Network is unreachable')': /simple/openpyxl/
WARNING: Retrying (Retry(total=1, connect=None, read=None, redirect=None, status=None)) after connection broken by 'NewConnectionError('<pip._vendor.urllib3.connection.HTTPSConnection object at 0x149e23bdf090>: Failed to establish a new connection: [Errno 101] Network is unreachable')': /simple/openpyxl/
WARNING: Retrying (Retry(total=0, connect=None, read=None, redirect=None, status=None)) after connection broken by 'NewConnectionError('<pip._vendor.urllib3.connection.HTTPSConnection object at 0x149e23bdf910>: Failed to establish a new connection: [Errno 101] Network is unreachable')': /simple/openpyxl/
Processing /cvmfs/soft.computecanada.ca/custom/python/wheelhouse/generic/openpyxl-3.1.5+computecanada-py2.py3-none-any.whl (from -r requirements.txt (line 2))
WARNING: Retrying (Retry(total=4, connect=None, read=None, redirect=None, status=None)) after connection broken by 'NewConnectionError('<pip._vendor.urllib3.connection.HTTPSConnection object at 0x149e22fa7450>: Failed to establish a new connection: [Errno 101] Network is unreachable')': /simple/sentence-transformers/
WARNING: Retrying (Retry(total=3, connect=None, read=None, redirect=None, status=None)) after connection broken by 'NewConnectionError('<pip._vendor.urllib3.connection.HTTPSConnection object at 0x149e22fa7810>: Failed to establish a new connection: [Errno 101] Network is unreachable')': /simple/sentence-transformers/
WARNING: Retrying (Retry(total=2, connect=None, read=None, redirect=None, status=None)) after connection broken by 'NewConnectionError('<pip._vendor.urllib3.connection.HTTPSConnection object at 0x149e22fa7f90>: Failed to establish a new connection: [Errno 101] Network is unreachable')': /simple/sentence-transformers/
WARNING: Retrying (Retry(total=1, connect=None, read=None, redirect=None, status=None)) after connection broken by 'NewConnectionError('<pip._vendor.urllib3.connection.HTTPSConnection object at 0x149e22facb10>: Failed to establish a new connection: [Errno 101] Network is unreachable')': /simple/sentence-transformers/
WARNING: Retrying (Retry(total=0, connect=None, read=None, redirect=None, status=None)) after connection broken by 'NewConnectionError('<pip._vendor.urllib3.connection.HTTPSConnection object at 0x149e22fad450>: Failed to establish a new connection: [Errno 101] Network is unreachable')': /simple/sentence-transformers/
Processing /cvmfs/soft.computecanada.ca/custom/python/wheelhouse/generic/sentence_transformers-3.3.0+computecanada-py3-none-any.whl (from -r requirements.txt (line 3))
WARNING: Retrying (Retry(total=4, connect=None, read=None, redirect=None, status=None)) after connection broken by 'NewConnectionError('<pip._vendor.urllib3.connection.HTTPSConnection object at 0x149e22576510>: Failed to establish a new connection: [Errno 101] Network is unreachable')': /simple/pytorch-lightning/
WARNING: Retrying (Retry(total=3, connect=None, read=None, redirect=None, status=None)) after connection broken by 'NewConnectionError('<pip._vendor.urllib3.connection.HTTPSConnection object at 0x149e22574b90>: Failed to establish a new connection: [Errno 101] Network is unreachable')': /simple/pytorch-lightning/
WARNING: Retrying (Retry(total=2, connect=None, read=None, redirect=None, status=None)) after connection broken by 'NewConnectionError('<pip._vendor.urllib3.connection.HTTPSConnection object at 0x149e22588950>: Failed to establish a new connection: [Errno 101] Network is unreachable')': /simple/pytorch-lightning/
WARNING: Retrying (Retry(total=1, connect=None, read=None, redirect=None, status=None)) after connection broken by 'NewConnectionError('<pip._vendor.urllib3.connection.HTTPSConnection object at 0x149e22589010>: Failed to establish a new connection: [Errno 101] Network is unreachable')': /simple/pytorch-lightning/
WARNING: Retrying (Retry(total=0, connect=None, read=None, redirect=None, status=None)) after connection broken by 'NewConnectionError('<pip._vendor.urllib3.connection.HTTPSConnection object at 0x149e225899d0>: Failed to establish a new connection: [Errno 101] Network is unreachable')': /simple/pytorch-lightning/
Processing /cvmfs/soft.computecanada.ca/custom/python/wheelhouse/generic/pytorch_lightning-2.5.1+computecanada-py3-none-any.whl (from -r requirements.txt (line 4))
WARNING: Retrying (Retry(total=4, connect=None, read=None, redirect=None, status=None)) after connection broken by 'NewConnectionError('<pip._vendor.urllib3.connection.HTTPSConnection object at 0x149e2193ebd0>: Failed to establish a new connection: [Errno 101] Network is unreachable')': /simple/scikit-learn/
WARNING: Retrying (Retry(total=3, connect=None, read=None, redirect=None, status=None)) after connection broken by 'NewConnectionError('<pip._vendor.urllib3.connection.HTTPSConnection object at 0x149e22589350>: Failed to establish a new connection: [Errno 101] Network is unreachable')': /simple/scikit-learn/
WARNING: Retrying (Retry(total=2, connect=None, read=None, redirect=None, status=None)) after connection broken by 'NewConnectionError('<pip._vendor.urllib3.connection.HTTPSConnection object at 0x149e219597d0>: Failed to establish a new connection: [Errno 101] Network is unreachable')': /simple/scikit-learn/
WARNING: Retrying (Retry(total=1, connect=None, read=None, redirect=None, status=None)) after connection broken by 'NewConnectionError('<pip._vendor.urllib3.connection.HTTPSConnection object at 0x149e2195a010>: Failed to establish a new connection: [Errno 101] Network is unreachable')': /simple/scikit-learn/
WARNING: Retrying (Retry(total=0, connect=None, read=None, redirect=None, status=None)) after connection broken by 'NewConnectionError('<pip._vendor.urllib3.connection.HTTPSConnection object at 0x149e2195a910>: Failed to establish a new connection: [Errno 101] Network is unreachable')': /simple/scikit-learn/
Processing /cvmfs/soft.computecanada.ca/custom/python/wheelhouse/gentoo2023/generic/scikit_learn-1.6.1+computecanada-cp311-cp311-linux_x86_64.whl (from -r requirements.txt (line 5))
WARNING: Retrying (Retry(total=4, connect=None, read=None, redirect=None, status=None)) after connection broken by 'NewConnectionError('<pip._vendor.urllib3.connection.HTTPSConnection object at 0x149e20cffb50>: Failed to establish a new connection: [Errno 101] Network is unreachable')': /simple/transformers/
WARNING: Retrying (Retry(total=3, connect=None, read=None, redirect=None, status=None)) after connection broken by 'NewConnectionError('<pip._vendor.urllib3.connection.HTTPSConnection object at 0x149e20d18990>: Failed to establish a new connection: [Errno 101] Network is unreachable')': /simple/transformers/
WARNING: Retrying (Retry(total=2, connect=None, read=None, redirect=None, status=None)) after connection broken by 'NewConnectionError('<pip._vendor.urllib3.connection.HTTPSConnection object at 0x149e20d19390>: Failed to establish a new connection: [Errno 101] Network is unreachable')': /simple/transformers/
WARNING: Retrying (Retry(total=1, connect=None, read=None, redirect=None, status=None)) after connection broken by 'NewConnectionError('<pip._vendor.urllib3.connection.HTTPSConnection object at 0x149e20d19cd0>: Failed to establish a new connection: [Errno 101] Network is unreachable')': /simple/transformers/
WARNING: Retrying (Retry(total=0, connect=None, read=None, redirect=None, status=None)) after connection broken by 'NewConnectionError('<pip._vendor.urllib3.connection.HTTPSConnection object at 0x149e20d1a650>: Failed to establish a new connection: [Errno 101] Network is unreachable')': /simple/transformers/
Processing /cvmfs/soft.computecanada.ca/custom/python/wheelhouse/generic/transformers-4.54.0+computecanada-py3-none-any.whl (from -r requirements.txt (line 6))
Requirement already satisfied: pandas in /cvmfs/soft.computecanada.ca/easybuild/software/2023/x86-64-v3/Compiler/gcccore/scipy-stack/2025a/lib/python3.11/site-packages (from -r requirements.txt (line 7)) (2.2.3+computecanada)
WARNING: Retrying (Retry(total=4, connect=None, read=None, redirect=None, status=None)) after connection broken by 'NewConnectionError('<pip._vendor.urllib3.connection.HTTPSConnection object at 0x149e20101490>: Failed to establish a new connection: [Errno 101] Network is unreachable')': /simple/accelerate/
WARNING: Retrying (Retry(total=3, connect=None, read=None, redirect=None, status=None)) after connection broken by 'NewConnectionError('<pip._vendor.urllib3.connection.HTTPSConnection object at 0x149e2004e590>: Failed to establish a new connection: [Errno 101] Network is unreachable')': /simple/accelerate/
WARNING: Retrying (Retry(total=2, connect=None, read=None, redirect=None, status=None)) after connection broken by 'NewConnectionError('<pip._vendor.urllib3.connection.HTTPSConnection object at 0x149e2004cd90>: Failed to establish a new connection: [Errno 101] Network is unreachable')': /simple/accelerate/
WARNING: Retrying (Retry(total=1, connect=None, read=None, redirect=None, status=None)) after connection broken by 'NewConnectionError('<pip._vendor.urllib3.connection.HTTPSConnection object at 0x149e20103d10>: Failed to establish a new connection: [Errno 101] Network is unreachable')': /simple/accelerate/
WARNING: Retrying (Retry(total=0, connect=None, read=None, redirect=None, status=None)) after connection broken by 'NewConnectionError('<pip._vendor.urllib3.connection.HTTPSConnection object at 0x149e20104fd0>: Failed to establish a new connection: [Errno 101] Network is unreachable')': /simple/accelerate/
Processing /cvmfs/soft.computecanada.ca/custom/python/wheelhouse/generic/accelerate-1.8.1+computecanada-py3-none-any.whl (from -r requirements.txt (line 8))
WARNING: Retrying (Retry(total=4, connect=None, read=None, redirect=None, status=None)) after connection broken by 'NewConnectionError('<pip._vendor.urllib3.connection.HTTPSConnection object at 0x149e1f4d9950>: Failed to establish a new connection: [Errno 101] Network is unreachable')': /simple/datasets/
WARNING: Retrying (Retry(total=3, connect=None, read=None, redirect=None, status=None)) after connection broken by 'NewConnectionError('<pip._vendor.urllib3.connection.HTTPSConnection object at 0x149e1f4d9490>: Failed to establish a new connection: [Errno 101] Network is unreachable')': /simple/datasets/
WARNING: Retrying (Retry(total=2, connect=None, read=None, redirect=None, status=None)) after connection broken by 'NewConnectionError('<pip._vendor.urllib3.connection.HTTPSConnection object at 0x149e1f4da590>: Failed to establish a new connection: [Errno 101] Network is unreachable')': /simple/datasets/
WARNING: Retrying (Retry(total=1, connect=None, read=None, redirect=None, status=None)) after connection broken by 'NewConnectionError('<pip._vendor.urllib3.connection.HTTPSConnection object at 0x149e1f4dad10>: Failed to establish a new connection: [Errno 101] Network is unreachable')': /simple/datasets/
WARNING: Retrying (Retry(total=0, connect=None, read=None, redirect=None, status=None)) after connection broken by 'NewConnectionError('<pip._vendor.urllib3.connection.HTTPSConnection object at 0x149e1f4db5d0>: Failed to establish a new connection: [Errno 101] Network is unreachable')': /simple/datasets/
Processing /cvmfs/soft.computecanada.ca/custom/python/wheelhouse/generic/datasets-2.19.1+computecanada-py3-none-any.whl (from -r requirements.txt (line 9))
WARNING: Retrying (Retry(total=4, connect=None, read=None, redirect=None, status=None)) after connection broken by 'NewConnectionError('<pip._vendor.urllib3.connection.HTTPSConnection object at 0x149e1e8a6910>: Failed to establish a new connection: [Errno 101] Network is unreachable')': /simple/imblearn/
WARNING: Retrying (Retry(total=3, connect=None, read=None, redirect=None, status=None)) after connection broken by 'NewConnectionError('<pip._vendor.urllib3.connection.HTTPSConnection object at 0x149e1e8a71d0>: Failed to establish a new connection: [Errno 101] Network is unreachable')': /simple/imblearn/
WARNING: Retrying (Retry(total=2, connect=None, read=None, redirect=None, status=None)) after connection broken by 'NewConnectionError('<pip._vendor.urllib3.connection.HTTPSConnection object at 0x149e1e8a7750>: Failed to establish a new connection: [Errno 101] Network is unreachable')': /simple/imblearn/
WARNING: Retrying (Retry(total=1, connect=None, read=None, redirect=None, status=None)) after connection broken by 'NewConnectionError('<pip._vendor.urllib3.connection.HTTPSConnection object at 0x149e1e8a7ed0>: Failed to establish a new connection: [Errno 101] Network is unreachable')': /simple/imblearn/
WARNING: Retrying (Retry(total=0, connect=None, read=None, redirect=None, status=None)) after connection broken by 'NewConnectionError('<pip._vendor.urllib3.connection.HTTPSConnection object at 0x149e1e8b4890>: Failed to establish a new connection: [Errno 101] Network is unreachable')': /simple/imblearn/
Processing /cvmfs/soft.computecanada.ca/custom/python/wheelhouse/generic/imblearn-0.0+computecanada-py2.py3-none-any.whl (from -r requirements.txt (line 10))
WARNING: Retrying (Retry(total=4, connect=None, read=None, redirect=None, status=None)) after connection broken by 'NewConnectionError('<pip._vendor.urllib3.connection.HTTPSConnection object at 0x149e1de5b050>: Failed to establish a new connection: [Errno 101] Network is unreachable')': /simple/xlrd/
WARNING: Retrying (Retry(total=3, connect=None, read=None, redirect=None, status=None)) after connection broken by 'NewConnectionError('<pip._vendor.urllib3.connection.HTTPSConnection object at 0x149e1de5b450>: Failed to establish a new connection: [Errno 101] Network is unreachable')': /simple/xlrd/
WARNING: Retrying (Retry(total=2, connect=None, read=None, redirect=None, status=None)) after connection broken by 'NewConnectionError('<pip._vendor.urllib3.connection.HTTPSConnection object at 0x149e1de5c110>: Failed to establish a new connection: [Errno 101] Network is unreachable')': /simple/xlrd/
WARNING: Retrying (Retry(total=1, connect=None, read=None, redirect=None, status=None)) after connection broken by 'NewConnectionError('<pip._vendor.urllib3.connection.HTTPSConnection object at 0x149e1de5cdd0>: Failed to establish a new connection: [Errno 101] Network is unreachable')': /simple/xlrd/
WARNING: Retrying (Retry(total=0, connect=None, read=None, redirect=None, status=None)) after connection broken by 'NewConnectionError('<pip._vendor.urllib3.connection.HTTPSConnection object at 0x149e1de5d4d0>: Failed to establish a new connection: [Errno 101] Network is unreachable')': /simple/xlrd/
Processing /cvmfs/soft.computecanada.ca/custom/python/wheelhouse/generic/xlrd-2.0.1+computecanada-py2.py3-none-any.whl (from -r requirements.txt (line 11))
WARNING: Retrying (Retry(total=4, connect=None, read=None, redirect=None, status=None)) after connection broken by 'NewConnectionError('<pip._vendor.urllib3.connection.HTTPSConnection object at 0x149e1d209010>: Failed to establish a new connection: [Errno 101] Network is unreachable')': /simple/tensorboard/
WARNING: Retrying (Retry(total=3, connect=None, read=None, redirect=None, status=None)) after connection broken by 'NewConnectionError('<pip._vendor.urllib3.connection.HTTPSConnection object at 0x149e1d209790>: Failed to establish a new connection: [Errno 101] Network is unreachable')': /simple/tensorboard/
