/localscratch/spool/slurmd/job47513811/slurm_script: line 11: /home/atjhin/myenv/bin/activate: No such file or directory
Defaulting to user installation because normal site-packages is not writeable
Looking in links: /cvmfs/soft.computecanada.ca/custom/python/wheelhouse/gentoo2023/x86-64-v3, /cvmfs/soft.computecanada.ca/custom/python/wheelhouse/gentoo2023/generic, /cvmfs/soft.computecanada.ca/custom/python/wheelhouse/generic
WARNING: Retrying (Retry(total=4, connect=None, read=None, redirect=None, status=None)) after connection broken by 'NewConnectionError('<pip._vendor.urllib3.connection.HTTPSConnection object at 0x1536af3c6b50>: Failed to establish a new connection: [Errno 101] Network is unreachable')': /simple/ftfy/
WARNING: Retrying (Retry(total=3, connect=None, read=None, redirect=None, status=None)) after connection broken by 'NewConnectionError('<pip._vendor.urllib3.connection.HTTPSConnection object at 0x1536af3c7210>: Failed to establish a new connection: [Errno 101] Network is unreachable')': /simple/ftfy/
WARNING: Retrying (Retry(total=2, connect=None, read=None, redirect=None, status=None)) after connection broken by 'NewConnectionError('<pip._vendor.urllib3.connection.HTTPSConnection object at 0x1536af3c7a90>: Failed to establish a new connection: [Errno 101] Network is unreachable')': /simple/ftfy/
WARNING: Retrying (Retry(total=1, connect=None, read=None, redirect=None, status=None)) after connection broken by 'NewConnectionError('<pip._vendor.urllib3.connection.HTTPSConnection object at 0x1536af3d0710>: Failed to establish a new connection: [Errno 101] Network is unreachable')': /simple/ftfy/
WARNING: Retrying (Retry(total=0, connect=None, read=None, redirect=None, status=None)) after connection broken by 'NewConnectionError('<pip._vendor.urllib3.connection.HTTPSConnection object at 0x1536af3d0f50>: Failed to establish a new connection: [Errno 101] Network is unreachable')': /simple/ftfy/
Processing /cvmfs/soft.computecanada.ca/custom/python/wheelhouse/generic/ftfy-6.3.1+computecanada-py3-none-any.whl (from -r requirements.txt (line 1))
WARNING: Retrying (Retry(total=4, connect=None, read=None, redirect=None, status=None)) after connection broken by 'NewConnectionError('<pip._vendor.urllib3.connection.HTTPSConnection object at 0x1536ae645a50>: Failed to establish a new connection: [Errno 101] Network is unreachable')': /simple/openpyxl/
WARNING: Retrying (Retry(total=3, connect=None, read=None, redirect=None, status=None)) after connection broken by 'NewConnectionError('<pip._vendor.urllib3.connection.HTTPSConnection object at 0x1536ae645210>: Failed to establish a new connection: [Errno 101] Network is unreachable')': /simple/openpyxl/
WARNING: Retrying (Retry(total=2, connect=None, read=None, redirect=None, status=None)) after connection broken by 'NewConnectionError('<pip._vendor.urllib3.connection.HTTPSConnection object at 0x1536ae646550>: Failed to establish a new connection: [Errno 101] Network is unreachable')': /simple/openpyxl/
WARNING: Retrying (Retry(total=1, connect=None, read=None, redirect=None, status=None)) after connection broken by 'NewConnectionError('<pip._vendor.urllib3.connection.HTTPSConnection object at 0x1536ae646e50>: Failed to establish a new connection: [Errno 101] Network is unreachable')': /simple/openpyxl/
WARNING: Retrying (Retry(total=0, connect=None, read=None, redirect=None, status=None)) after connection broken by 'NewConnectionError('<pip._vendor.urllib3.connection.HTTPSConnection object at 0x1536ae647710>: Failed to establish a new connection: [Errno 101] Network is unreachable')': /simple/openpyxl/
Processing /cvmfs/soft.computecanada.ca/custom/python/wheelhouse/generic/openpyxl-3.1.5+computecanada-py2.py3-none-any.whl (from -r requirements.txt (line 2))
WARNING: Retrying (Retry(total=4, connect=None, read=None, redirect=None, status=None)) after connection broken by 'NewConnectionError('<pip._vendor.urllib3.connection.HTTPSConnection object at 0x1536ada0ee50>: Failed to establish a new connection: [Errno 101] Network is unreachable')': /simple/sentence-transformers/
WARNING: Retrying (Retry(total=3, connect=None, read=None, redirect=None, status=None)) after connection broken by 'NewConnectionError('<pip._vendor.urllib3.connection.HTTPSConnection object at 0x1536ada0f710>: Failed to establish a new connection: [Errno 101] Network is unreachable')': /simple/sentence-transformers/
WARNING: Retrying (Retry(total=2, connect=None, read=None, redirect=None, status=None)) after connection broken by 'NewConnectionError('<pip._vendor.urllib3.connection.HTTPSConnection object at 0x1536ada0ffd0>: Failed to establish a new connection: [Errno 101] Network is unreachable')': /simple/sentence-transformers/
WARNING: Retrying (Retry(total=1, connect=None, read=None, redirect=None, status=None)) after connection broken by 'NewConnectionError('<pip._vendor.urllib3.connection.HTTPSConnection object at 0x1536ada14b90>: Failed to establish a new connection: [Errno 101] Network is unreachable')': /simple/sentence-transformers/
WARNING: Retrying (Retry(total=0, connect=None, read=None, redirect=None, status=None)) after connection broken by 'NewConnectionError('<pip._vendor.urllib3.connection.HTTPSConnection object at 0x1536ada15510>: Failed to establish a new connection: [Errno 101] Network is unreachable')': /simple/sentence-transformers/
Processing /cvmfs/soft.computecanada.ca/custom/python/wheelhouse/generic/sentence_transformers-3.3.0+computecanada-py3-none-any.whl (from -r requirements.txt (line 3))
WARNING: Retrying (Retry(total=4, connect=None, read=None, redirect=None, status=None)) after connection broken by 'NewConnectionError('<pip._vendor.urllib3.connection.HTTPSConnection object at 0x1536acfdd010>: Failed to establish a new connection: [Errno 101] Network is unreachable')': /simple/pytorch-lightning/
WARNING: Retrying (Retry(total=3, connect=None, read=None, redirect=None, status=None)) after connection broken by 'NewConnectionError('<pip._vendor.urllib3.connection.HTTPSConnection object at 0x1536acfdc710>: Failed to establish a new connection: [Errno 101] Network is unreachable')': /simple/pytorch-lightning/
WARNING: Retrying (Retry(total=2, connect=None, read=None, redirect=None, status=None)) after connection broken by 'NewConnectionError('<pip._vendor.urllib3.connection.HTTPSConnection object at 0x1536acff00d0>: Failed to establish a new connection: [Errno 101] Network is unreachable')': /simple/pytorch-lightning/
WARNING: Retrying (Retry(total=1, connect=None, read=None, redirect=None, status=None)) after connection broken by 'NewConnectionError('<pip._vendor.urllib3.connection.HTTPSConnection object at 0x1536acff0e90>: Failed to establish a new connection: [Errno 101] Network is unreachable')': /simple/pytorch-lightning/
WARNING: Retrying (Retry(total=0, connect=None, read=None, redirect=None, status=None)) after connection broken by 'NewConnectionError('<pip._vendor.urllib3.connection.HTTPSConnection object at 0x1536acff1890>: Failed to establish a new connection: [Errno 101] Network is unreachable')': /simple/pytorch-lightning/
Processing /cvmfs/soft.computecanada.ca/custom/python/wheelhouse/generic/pytorch_lightning-2.5.1+computecanada-py3-none-any.whl (from -r requirements.txt (line 4))
WARNING: Retrying (Retry(total=4, connect=None, read=None, redirect=None, status=None)) after connection broken by 'NewConnectionError('<pip._vendor.urllib3.connection.HTTPSConnection object at 0x1536ac3a6bd0>: Failed to establish a new connection: [Errno 101] Network is unreachable')': /simple/scikit-learn/
WARNING: Retrying (Retry(total=3, connect=None, read=None, redirect=None, status=None)) after connection broken by 'NewConnectionError('<pip._vendor.urllib3.connection.HTTPSConnection object at 0x1536acff0790>: Failed to establish a new connection: [Errno 101] Network is unreachable')': /simple/scikit-learn/
WARNING: Retrying (Retry(total=2, connect=None, read=None, redirect=None, status=None)) after connection broken by 'NewConnectionError('<pip._vendor.urllib3.connection.HTTPSConnection object at 0x1536ac3c5910>: Failed to establish a new connection: [Errno 101] Network is unreachable')': /simple/scikit-learn/
WARNING: Retrying (Retry(total=1, connect=None, read=None, redirect=None, status=None)) after connection broken by 'NewConnectionError('<pip._vendor.urllib3.connection.HTTPSConnection object at 0x1536ac3c6210>: Failed to establish a new connection: [Errno 101] Network is unreachable')': /simple/scikit-learn/
WARNING: Retrying (Retry(total=0, connect=None, read=None, redirect=None, status=None)) after connection broken by 'NewConnectionError('<pip._vendor.urllib3.connection.HTTPSConnection object at 0x1536ac3c6a90>: Failed to establish a new connection: [Errno 101] Network is unreachable')': /simple/scikit-learn/
Processing /cvmfs/soft.computecanada.ca/custom/python/wheelhouse/gentoo2023/generic/scikit_learn-1.6.1+computecanada-cp311-cp311-linux_x86_64.whl (from -r requirements.txt (line 5))
WARNING: Retrying (Retry(total=4, connect=None, read=None, redirect=None, status=None)) after connection broken by 'NewConnectionError('<pip._vendor.urllib3.connection.HTTPSConnection object at 0x1536ab767d50>: Failed to establish a new connection: [Errno 101] Network is unreachable')': /simple/transformers/
WARNING: Retrying (Retry(total=3, connect=None, read=None, redirect=None, status=None)) after connection broken by 'NewConnectionError('<pip._vendor.urllib3.connection.HTTPSConnection object at 0x1536ab77cbd0>: Failed to establish a new connection: [Errno 101] Network is unreachable')': /simple/transformers/
WARNING: Retrying (Retry(total=2, connect=None, read=None, redirect=None, status=None)) after connection broken by 'NewConnectionError('<pip._vendor.urllib3.connection.HTTPSConnection object at 0x1536ab77d410>: Failed to establish a new connection: [Errno 101] Network is unreachable')': /simple/transformers/
WARNING: Retrying (Retry(total=1, connect=None, read=None, redirect=None, status=None)) after connection broken by 'NewConnectionError('<pip._vendor.urllib3.connection.HTTPSConnection object at 0x1536ab77dd90>: Failed to establish a new connection: [Errno 101] Network is unreachable')': /simple/transformers/
WARNING: Retrying (Retry(total=0, connect=None, read=None, redirect=None, status=None)) after connection broken by 'NewConnectionError('<pip._vendor.urllib3.connection.HTTPSConnection object at 0x1536ab77e650>: Failed to establish a new connection: [Errno 101] Network is unreachable')': /simple/transformers/
Processing /cvmfs/soft.computecanada.ca/custom/python/wheelhouse/generic/transformers-4.54.0+computecanada-py3-none-any.whl (from -r requirements.txt (line 6))
Requirement already satisfied: pandas in /cvmfs/soft.computecanada.ca/easybuild/software/2023/x86-64-v3/Compiler/gcccore/scipy-stack/2025a/lib/python3.11/site-packages (from -r requirements.txt (line 7)) (2.2.3+computecanada)
