/localscratch/spool/slurmd/job47512716/slurm_script: line 11: /home/atjhin/myenv/bin/activate: No such file or directory
Defaulting to user installation because normal site-packages is not writeable
Looking in links: /cvmfs/soft.computecanada.ca/custom/python/wheelhouse/gentoo2023/x86-64-v3, /cvmfs/soft.computecanada.ca/custom/python/wheelhouse/gentoo2023/generic, /cvmfs/soft.computecanada.ca/custom/python/wheelhouse/generic
WARNING: Retrying (Retry(total=4, connect=None, read=None, redirect=None, status=None)) after connection broken by 'NewConnectionError('<pip._vendor.urllib3.connection.HTTPSConnection object at 0x150ed2955f50>: Failed to establish a new connection: [Errno 101] Network is unreachable')': /simple/ftfy/
WARNING: Retrying (Retry(total=3, connect=None, read=None, redirect=None, status=None)) after connection broken by 'NewConnectionError('<pip._vendor.urllib3.connection.HTTPSConnection object at 0x150ed2957410>: Failed to establish a new connection: [Errno 101] Network is unreachable')': /simple/ftfy/
WARNING: Retrying (Retry(total=2, connect=None, read=None, redirect=None, status=None)) after connection broken by 'NewConnectionError('<pip._vendor.urllib3.connection.HTTPSConnection object at 0x150ed2957bd0>: Failed to establish a new connection: [Errno 101] Network is unreachable')': /simple/ftfy/
WARNING: Retrying (Retry(total=1, connect=None, read=None, redirect=None, status=None)) after connection broken by 'NewConnectionError('<pip._vendor.urllib3.connection.HTTPSConnection object at 0x150ed2960a50>: Failed to establish a new connection: [Errno 101] Network is unreachable')': /simple/ftfy/
WARNING: Retrying (Retry(total=0, connect=None, read=None, redirect=None, status=None)) after connection broken by 'NewConnectionError('<pip._vendor.urllib3.connection.HTTPSConnection object at 0x150ed2961190>: Failed to establish a new connection: [Errno 101] Network is unreachable')': /simple/ftfy/
Processing /cvmfs/soft.computecanada.ca/custom/python/wheelhouse/generic/ftfy-6.3.1+computecanada-py3-none-any.whl (from -r requirements.txt (line 1))
WARNING: Retrying (Retry(total=4, connect=None, read=None, redirect=None, status=None)) after connection broken by 'NewConnectionError('<pip._vendor.urllib3.connection.HTTPSConnection object at 0x150ed1bd5950>: Failed to establish a new connection: [Errno 101] Network is unreachable')': /simple/openpyxl/
WARNING: Retrying (Retry(total=3, connect=None, read=None, redirect=None, status=None)) after connection broken by 'NewConnectionError('<pip._vendor.urllib3.connection.HTTPSConnection object at 0x150ed1bd5410>: Failed to establish a new connection: [Errno 101] Network is unreachable')': /simple/openpyxl/
WARNING: Retrying (Retry(total=2, connect=None, read=None, redirect=None, status=None)) after connection broken by 'NewConnectionError('<pip._vendor.urllib3.connection.HTTPSConnection object at 0x150ed1bd6810>: Failed to establish a new connection: [Errno 101] Network is unreachable')': /simple/openpyxl/
WARNING: Retrying (Retry(total=1, connect=None, read=None, redirect=None, status=None)) after connection broken by 'NewConnectionError('<pip._vendor.urllib3.connection.HTTPSConnection object at 0x150ed1bd70d0>: Failed to establish a new connection: [Errno 101] Network is unreachable')': /simple/openpyxl/
WARNING: Retrying (Retry(total=0, connect=None, read=None, redirect=None, status=None)) after connection broken by 'NewConnectionError('<pip._vendor.urllib3.connection.HTTPSConnection object at 0x150ed1bd79d0>: Failed to establish a new connection: [Errno 101] Network is unreachable')': /simple/openpyxl/
Processing /cvmfs/soft.computecanada.ca/custom/python/wheelhouse/generic/openpyxl-3.1.5+computecanada-py2.py3-none-any.whl (from -r requirements.txt (line 2))
WARNING: Retrying (Retry(total=4, connect=None, read=None, redirect=None, status=None)) after connection broken by 'NewConnectionError('<pip._vendor.urllib3.connection.HTTPSConnection object at 0x150ed0f9f5d0>: Failed to establish a new connection: [Errno 101] Network is unreachable')': /simple/sentence-transformers/
WARNING: Retrying (Retry(total=3, connect=None, read=None, redirect=None, status=None)) after connection broken by 'NewConnectionError('<pip._vendor.urllib3.connection.HTTPSConnection object at 0x150ed0f9f950>: Failed to establish a new connection: [Errno 101] Network is unreachable')': /simple/sentence-transformers/
WARNING: Retrying (Retry(total=2, connect=None, read=None, redirect=None, status=None)) after connection broken by 'NewConnectionError('<pip._vendor.urllib3.connection.HTTPSConnection object at 0x150ed0fa4350>: Failed to establish a new connection: [Errno 101] Network is unreachable')': /simple/sentence-transformers/
WARNING: Retrying (Retry(total=1, connect=None, read=None, redirect=None, status=None)) after connection broken by 'NewConnectionError('<pip._vendor.urllib3.connection.HTTPSConnection object at 0x150ed0fa4cd0>: Failed to establish a new connection: [Errno 101] Network is unreachable')': /simple/sentence-transformers/
WARNING: Retrying (Retry(total=0, connect=None, read=None, redirect=None, status=None)) after connection broken by 'NewConnectionError('<pip._vendor.urllib3.connection.HTTPSConnection object at 0x150ed0fa5650>: Failed to establish a new connection: [Errno 101] Network is unreachable')': /simple/sentence-transformers/
Processing /cvmfs/soft.computecanada.ca/custom/python/wheelhouse/generic/sentence_transformers-3.3.0+computecanada-py3-none-any.whl (from -r requirements.txt (line 3))
WARNING: Retrying (Retry(total=4, connect=None, read=None, redirect=None, status=None)) after connection broken by 'NewConnectionError('<pip._vendor.urllib3.connection.HTTPSConnection object at 0x150ed056e750>: Failed to establish a new connection: [Errno 101] Network is unreachable')': /simple/pytorch-lightning/
WARNING: Retrying (Retry(total=3, connect=None, read=None, redirect=None, status=None)) after connection broken by 'NewConnectionError('<pip._vendor.urllib3.connection.HTTPSConnection object at 0x150ed056c810>: Failed to establish a new connection: [Errno 101] Network is unreachable')': /simple/pytorch-lightning/
WARNING: Retrying (Retry(total=2, connect=None, read=None, redirect=None, status=None)) after connection broken by 'NewConnectionError('<pip._vendor.urllib3.connection.HTTPSConnection object at 0x150ed0578110>: Failed to establish a new connection: [Errno 101] Network is unreachable')': /simple/pytorch-lightning/
WARNING: Retrying (Retry(total=1, connect=None, read=None, redirect=None, status=None)) after connection broken by 'NewConnectionError('<pip._vendor.urllib3.connection.HTTPSConnection object at 0x150ed0579150>: Failed to establish a new connection: [Errno 101] Network is unreachable')': /simple/pytorch-lightning/
WARNING: Retrying (Retry(total=0, connect=None, read=None, redirect=None, status=None)) after connection broken by 'NewConnectionError('<pip._vendor.urllib3.connection.HTTPSConnection object at 0x150ed0579b50>: Failed to establish a new connection: [Errno 101] Network is unreachable')': /simple/pytorch-lightning/
Processing /cvmfs/soft.computecanada.ca/custom/python/wheelhouse/generic/pytorch_lightning-2.5.1+computecanada-py3-none-any.whl (from -r requirements.txt (line 4))
WARNING: Retrying (Retry(total=4, connect=None, read=None, redirect=None, status=None)) after connection broken by 'NewConnectionError('<pip._vendor.urllib3.connection.HTTPSConnection object at 0x150ecf936d90>: Failed to establish a new connection: [Errno 101] Network is unreachable')': /simple/scikit-learn/
WARNING: Retrying (Retry(total=3, connect=None, read=None, redirect=None, status=None)) after connection broken by 'NewConnectionError('<pip._vendor.urllib3.connection.HTTPSConnection object at 0x150ecf9356d0>: Failed to establish a new connection: [Errno 101] Network is unreachable')': /simple/scikit-learn/
WARNING: Retrying (Retry(total=2, connect=None, read=None, redirect=None, status=None)) after connection broken by 'NewConnectionError('<pip._vendor.urllib3.connection.HTTPSConnection object at 0x150ecf951a10>: Failed to establish a new connection: [Errno 101] Network is unreachable')': /simple/scikit-learn/
WARNING: Retrying (Retry(total=1, connect=None, read=None, redirect=None, status=None)) after connection broken by 'NewConnectionError('<pip._vendor.urllib3.connection.HTTPSConnection object at 0x150ecf952250>: Failed to establish a new connection: [Errno 101] Network is unreachable')': /simple/scikit-learn/
WARNING: Retrying (Retry(total=0, connect=None, read=None, redirect=None, status=None)) after connection broken by 'NewConnectionError('<pip._vendor.urllib3.connection.HTTPSConnection object at 0x150ecf952b50>: Failed to establish a new connection: [Errno 101] Network is unreachable')': /simple/scikit-learn/
Processing /cvmfs/soft.computecanada.ca/custom/python/wheelhouse/gentoo2023/generic/scikit_learn-1.6.1+computecanada-cp311-cp311-linux_x86_64.whl (from -r requirements.txt (line 5))
WARNING: Retrying (Retry(total=4, connect=None, read=None, redirect=None, status=None)) after connection broken by 'NewConnectionError('<pip._vendor.urllib3.connection.HTTPSConnection object at 0x150ececf7a50>: Failed to establish a new connection: [Errno 101] Network is unreachable')': /simple/transformers/
WARNING: Retrying (Retry(total=3, connect=None, read=None, redirect=None, status=None)) after connection broken by 'NewConnectionError('<pip._vendor.urllib3.connection.HTTPSConnection object at 0x150eced0cb10>: Failed to establish a new connection: [Errno 101] Network is unreachable')': /simple/transformers/
WARNING: Retrying (Retry(total=2, connect=None, read=None, redirect=None, status=None)) after connection broken by 'NewConnectionError('<pip._vendor.urllib3.connection.HTTPSConnection object at 0x150eced0d550>: Failed to establish a new connection: [Errno 101] Network is unreachable')': /simple/transformers/
WARNING: Retrying (Retry(total=1, connect=None, read=None, redirect=None, status=None)) after connection broken by 'NewConnectionError('<pip._vendor.urllib3.connection.HTTPSConnection object at 0x150eced0df10>: Failed to establish a new connection: [Errno 101] Network is unreachable')': /simple/transformers/
WARNING: Retrying (Retry(total=0, connect=None, read=None, redirect=None, status=None)) after connection broken by 'NewConnectionError('<pip._vendor.urllib3.connection.HTTPSConnection object at 0x150eced0e890>: Failed to establish a new connection: [Errno 101] Network is unreachable')': /simple/transformers/
Processing /cvmfs/soft.computecanada.ca/custom/python/wheelhouse/generic/transformers-4.54.0+computecanada-py3-none-any.whl (from -r requirements.txt (line 6))
Requirement already satisfied: pandas in /cvmfs/soft.computecanada.ca/easybuild/software/2023/x86-64-v3/Compiler/gcccore/scipy-stack/2025a/lib/python3.11/site-packages (from -r requirements.txt (line 7)) (2.2.3+computecanada)
WARNING: Retrying (Retry(total=4, connect=None, read=None, redirect=None, status=None)) after connection broken by 'NewConnectionError('<pip._vendor.urllib3.connection.HTTPSConnection object at 0x150ece0f87d0>: Failed to establish a new connection: [Errno 101] Network is unreachable')': /simple/accelerate/
WARNING: Retrying (Retry(total=3, connect=None, read=None, redirect=None, status=None)) after connection broken by 'NewConnectionError('<pip._vendor.urllib3.connection.HTTPSConnection object at 0x150ece044c50>: Failed to establish a new connection: [Errno 101] Network is unreachable')': /simple/accelerate/
WARNING: Retrying (Retry(total=2, connect=None, read=None, redirect=None, status=None)) after connection broken by 'NewConnectionError('<pip._vendor.urllib3.connection.HTTPSConnection object at 0x150ed4206410>: Failed to establish a new connection: [Errno 101] Network is unreachable')': /simple/accelerate/
WARNING: Retrying (Retry(total=1, connect=None, read=None, redirect=None, status=None)) after connection broken by 'NewConnectionError('<pip._vendor.urllib3.connection.HTTPSConnection object at 0x150ece0fa4d0>: Failed to establish a new connection: [Errno 101] Network is unreachable')': /simple/accelerate/
WARNING: Retrying (Retry(total=0, connect=None, read=None, redirect=None, status=None)) after connection broken by 'NewConnectionError('<pip._vendor.urllib3.connection.HTTPSConnection object at 0x150ece0fb650>: Failed to establish a new connection: [Errno 101] Network is unreachable')': /simple/accelerate/
Processing /cvmfs/soft.computecanada.ca/custom/python/wheelhouse/generic/accelerate-1.8.1+computecanada-py3-none-any.whl (from -r requirements.txt (line 8))
WARNING: Retrying (Retry(total=4, connect=None, read=None, redirect=None, status=None)) after connection broken by 'NewConnectionError('<pip._vendor.urllib3.connection.HTTPSConnection object at 0x150ecd4d19d0>: Failed to establish a new connection: [Errno 101] Network is unreachable')': /simple/datasets/
WARNING: Retrying (Retry(total=3, connect=None, read=None, redirect=None, status=None)) after connection broken by 'NewConnectionError('<pip._vendor.urllib3.connection.HTTPSConnection object at 0x150ecd4d15d0>: Failed to establish a new connection: [Errno 101] Network is unreachable')': /simple/datasets/
WARNING: Retrying (Retry(total=2, connect=None, read=None, redirect=None, status=None)) after connection broken by 'NewConnectionError('<pip._vendor.urllib3.connection.HTTPSConnection object at 0x150ecd4d2710>: Failed to establish a new connection: [Errno 101] Network is unreachable')': /simple/datasets/
WARNING: Retrying (Retry(total=1, connect=None, read=None, redirect=None, status=None)) after connection broken by 'NewConnectionError('<pip._vendor.urllib3.connection.HTTPSConnection object at 0x150ecd4d2fd0>: Failed to establish a new connection: [Errno 101] Network is unreachable')': /simple/datasets/
WARNING: Retrying (Retry(total=0, connect=None, read=None, redirect=None, status=None)) after connection broken by 'NewConnectionError('<pip._vendor.urllib3.connection.HTTPSConnection object at 0x150ecd4d3890>: Failed to establish a new connection: [Errno 101] Network is unreachable')': /simple/datasets/
Processing /cvmfs/soft.computecanada.ca/custom/python/wheelhouse/generic/datasets-2.19.1+computecanada-py3-none-any.whl (from -r requirements.txt (line 9))
WARNING: Retrying (Retry(total=4, connect=None, read=None, redirect=None, status=None)) after connection broken by 'NewConnectionError('<pip._vendor.urllib3.connection.HTTPSConnection object at 0x150ecc89c890>: Failed to establish a new connection: [Errno 101] Network is unreachable')': /simple/imblearn/
WARNING: Retrying (Retry(total=3, connect=None, read=None, redirect=None, status=None)) after connection broken by 'NewConnectionError('<pip._vendor.urllib3.connection.HTTPSConnection object at 0x150ecc89e610>: Failed to establish a new connection: [Errno 101] Network is unreachable')': /simple/imblearn/
WARNING: Retrying (Retry(total=2, connect=None, read=None, redirect=None, status=None)) after connection broken by 'NewConnectionError('<pip._vendor.urllib3.connection.HTTPSConnection object at 0x150ecc89f750>: Failed to establish a new connection: [Errno 101] Network is unreachable')': /simple/imblearn/
WARNING: Retrying (Retry(total=1, connect=None, read=None, redirect=None, status=None)) after connection broken by 'NewConnectionError('<pip._vendor.urllib3.connection.HTTPSConnection object at 0x150ecc89cfd0>: Failed to establish a new connection: [Errno 101] Network is unreachable')': /simple/imblearn/
WARNING: Retrying (Retry(total=0, connect=None, read=None, redirect=None, status=None)) after connection broken by 'NewConnectionError('<pip._vendor.urllib3.connection.HTTPSConnection object at 0x150ecc8ac810>: Failed to establish a new connection: [Errno 101] Network is unreachable')': /simple/imblearn/
Processing /cvmfs/soft.computecanada.ca/custom/python/wheelhouse/generic/imblearn-0.0+computecanada-py2.py3-none-any.whl (from -r requirements.txt (line 10))
WARNING: Retrying (Retry(total=4, connect=None, read=None, redirect=None, status=None)) after connection broken by 'NewConnectionError('<pip._vendor.urllib3.connection.HTTPSConnection object at 0x150ecbe535d0>: Failed to establish a new connection: [Errno 101] Network is unreachable')': /simple/xlrd/
WARNING: Retrying (Retry(total=3, connect=None, read=None, redirect=None, status=None)) after connection broken by 'NewConnectionError('<pip._vendor.urllib3.connection.HTTPSConnection object at 0x150ecbe53490>: Failed to establish a new connection: [Errno 101] Network is unreachable')': /simple/xlrd/
WARNING: Retrying (Retry(total=2, connect=None, read=None, redirect=None, status=None)) after connection broken by 'NewConnectionError('<pip._vendor.urllib3.connection.HTTPSConnection object at 0x150ecbe54110>: Failed to establish a new connection: [Errno 101] Network is unreachable')': /simple/xlrd/
WARNING: Retrying (Retry(total=1, connect=None, read=None, redirect=None, status=None)) after connection broken by 'NewConnectionError('<pip._vendor.urllib3.connection.HTTPSConnection object at 0x150ecbe54f50>: Failed to establish a new connection: [Errno 101] Network is unreachable')': /simple/xlrd/
WARNING: Retrying (Retry(total=0, connect=None, read=None, redirect=None, status=None)) after connection broken by 'NewConnectionError('<pip._vendor.urllib3.connection.HTTPSConnection object at 0x150ecbe55590>: Failed to establish a new connection: [Errno 101] Network is unreachable')': /simple/xlrd/
Processing /cvmfs/soft.computecanada.ca/custom/python/wheelhouse/generic/xlrd-2.0.1+computecanada-py2.py3-none-any.whl (from -r requirements.txt (line 11))
WARNING: Retrying (Retry(total=4, connect=None, read=None, redirect=None, status=None)) after connection broken by 'NewConnectionError('<pip._vendor.urllib3.connection.HTTPSConnection object at 0x150ecb200f90>: Failed to establish a new connection: [Errno 101] Network is unreachable')': /simple/tensorboard/
WARNING: Retrying (Retry(total=3, connect=None, read=None, redirect=None, status=None)) after connection broken by 'NewConnectionError('<pip._vendor.urllib3.connection.HTTPSConnection object at 0x150ecb200b50>: Failed to establish a new connection: [Errno 101] Network is unreachable')': /simple/tensorboard/
WARNING: Retrying (Retry(total=2, connect=None, read=None, redirect=None, status=None)) after connection broken by 'NewConnectionError('<pip._vendor.urllib3.connection.HTTPSConnection object at 0x150ecb201f10>: Failed to establish a new connection: [Errno 101] Network is unreachable')': /simple/tensorboard/
WARNING: Retrying (Retry(total=1, connect=None, read=None, redirect=None, status=None)) after connection broken by 'NewConnectionError('<pip._vendor.urllib3.connection.HTTPSConnection object at 0x150ecb202690>: Failed to establish a new connection: [Errno 101] Network is unreachable')': /simple/tensorboard/
