
Lmod is automatically replacing "gcc/12.3" with "intel/2023.2.1".


Due to MODULEPATH changes, the following have been reloaded:
  1) blis/0.9.0     2) flexiblas/3.3.1     3) openmpi/4.1.5


Lmod is automatically replacing "intel/2023.2.1" with "gcc/12.3".


Inactive Modules:
  1) cuda/11.8     2) cudacore/.11.8.0

Due to MODULEPATH changes, the following have been reloaded:
  1) blis/0.9.0     2) flexiblas/3.3.1     3) openmpi/4.1.5

/lustre06/project/6006845/atjhin/label_tweets/Refactored/self_supervised_learning.py:80: DtypeWarning: Columns (0,1,3,4,6,7) have mixed types. Specify dtype option on import or set low_memory=False.
  data = pd.read_csv(data_path)
/lustre06/project/6006845/atjhin/label_tweets/venv/lib/python3.11/site-packages/lightning_fabric/plugins/environments/slurm.py:204: The `srun` command is available on your system but is not used. HINT: If your intention is to run Lightning on SLURM, prepend your python command with `srun` like so: srun python /lustre06/project/6006845/atjhin/label_tweets/Refact ...
Using 16bit Automatic Mixed Precision (AMP)
GPU available: True (cuda), used: True
TPU available: False, using: 0 TPU cores
HPU available: False, using: 0 HPUs
`Trainer(val_check_interval=1.0)` was configured so validation will run at the end of the training epoch..
You are using a CUDA device ('NVIDIA A100-SXM4-40GB') that has Tensor Cores. To properly utilize them, you should set `torch.set_float32_matmul_precision('medium' | 'high')` which will trade-off precision for performance. For more details, read https://pytorch.org/docs/stable/generated/torch.set_float32_matmul_precision.html#torch.set_float32_matmul_precision
Initializing distributed: GLOBAL_RANK: 0, MEMBER: 1/2
/lustre06/project/6006845/atjhin/label_tweets/Refactored/self_supervised_learning.py:80: DtypeWarning: Columns (0,1,3,4,6,7) have mixed types. Specify dtype option on import or set low_memory=False.
  data = pd.read_csv(data_path)
Initializing distributed: GLOBAL_RANK: 1, MEMBER: 2/2
----------------------------------------------------------------------------------------------------
distributed_backend=nccl
All distributed processes registered. Starting with 2 processes
----------------------------------------------------------------------------------------------------

/lustre06/project/6006845/atjhin/label_tweets/venv/lib/python3.11/site-packages/pytorch_lightning/callbacks/model_checkpoint.py:654: Checkpoint directory /lustre06/project/6006845/atjhin/label_tweets/checkpoints exists and is not empty.
LOCAL_RANK: 0 - CUDA_VISIBLE_DEVICES: [0,1]
LOCAL_RANK: 1 - CUDA_VISIBLE_DEVICES: [0,1]

  | Name    | Type                         | Params | Mode 
-----------------------------------------------------------------
0 | model   | SentenceTransformer          | 109 M  | train
1 | loss_fn | MultipleNegativesRankingLoss | 109 M  | train
-----------------------------------------------------------------
109 M     Trainable params
0         Non-trainable params
109 M     Total params
437.946   Total estimated model params size (MB)
6         Modules in train mode
216       Modules in eval mode
Model Created========================================
Data Read========================================
Data Module Created ========================================
Trainer Fitting ========================================
Shape of training/validation/test: 1929341/214372
Sanity Checking: |          | 0/? [00:00<?, ?it/s]/lustre06/project/6006845/atjhin/label_tweets/venv/lib/python3.11/site-packages/torch/utils/data/dataloader.py:626: UserWarning: This DataLoader will create 47 worker processes in total. Our suggested max number of worker in current system is 4, which is smaller than what this DataLoader is going to create. Please be aware that excessive worker creation might get DataLoader running slow or even freeze, lower the worker number to avoid potential slowness/freeze if necessary.
  warnings.warn(
/lustre06/project/6006845/atjhin/label_tweets/venv/lib/python3.11/site-packages/torch/utils/data/dataloader.py:626: UserWarning: This DataLoader will create 47 worker processes in total. Our suggested max number of worker in current system is 4, which is smaller than what this DataLoader is going to create. Please be aware that excessive worker creation might get DataLoader running slow or even freeze, lower the worker number to avoid potential slowness/freeze if necessary.
  warnings.warn(
/lustre06/project/6006845/atjhin/label_tweets/venv/lib/python3.11/site-packages/torch/distributed/distributed_c10d.py:4631: UserWarning: No device id is provided via `init_process_group` or `barrier `. Using the current device set by the user. 
  warnings.warn(  # warn only once
/lustre06/project/6006845/atjhin/label_tweets/venv/lib/python3.11/site-packages/torch/distributed/distributed_c10d.py:4631: UserWarning: No device id is provided via `init_process_group` or `barrier `. Using the current device set by the user. 
  warnings.warn(  # warn only once
Model Created========================================
Data Read========================================
Data Module Created ========================================
Trainer Fitting ========================================
Shape of training/validation/test: 1929341/214372
Sanity Checking:   0%|          | 0/2 [00:00<?, ?it/s]Sanity Checking DataLoader 0:   0%|          | 0/2 [00:00<?, ?it/s]Sanity Checking DataLoader 0:  50%|█████     | 1/2 [00:02<00:02,  0.45it/s]Sanity Checking DataLoader 0: 100%|██████████| 2/2 [00:02<00:00,  0.89it/s]/lustre06/project/6006845/atjhin/label_tweets/venv/lib/python3.11/site-packages/pytorch_lightning/trainer/connectors/logger_connector/result.py:434: It is recommended to use `self.log('val_loss', ..., sync_dist=True)` when logging on epoch level in distributed setting to accumulate the metric across devices.
                                                                           Training: |          | 0/? [00:00<?, ?it/s]Training:   0%|          | 0/7536 [00:00<?, ?it/s]Epoch 0:   0%|          | 0/7536 [00:00<?, ?it/s] Epoch 0:   0%|          | 1/7536 [00:02<5:37:22,  0.37it/s]Epoch 0:   0%|          | 1/7536 [00:02<5:37:25,  0.37it/s, v_num=5, train_loss=0.381][rank0]: Traceback (most recent call last):
[rank0]:   File "<frozen runpy>", line 198, in _run_module_as_main
[rank0]:   File "<frozen runpy>", line 88, in _run_code
[rank0]:   File "/lustre06/project/6006845/atjhin/label_tweets/Refactored/self_supervised_learning.py", line 145, in <module>
[rank0]:     pre_train_sentence_transformer(data_path="Refactored/data/raw_tweets.csv", max_epochs=10)
[rank0]:   File "/lustre06/project/6006845/atjhin/label_tweets/Refactored/self_supervised_learning.py", line 131, in pre_train_sentence_transformer
[rank0]:     trainer.fit(model, datamodule)
[rank0]:   File "/lustre06/project/6006845/atjhin/label_tweets/venv/lib/python3.11/site-packages/pytorch_lightning/trainer/trainer.py", line 561, in fit
[rank0]:     call._call_and_handle_interrupt(
[rank0]:   File "/lustre06/project/6006845/atjhin/label_tweets/venv/lib/python3.11/site-packages/pytorch_lightning/trainer/call.py", line 47, in _call_and_handle_interrupt
[rank0]:     return trainer.strategy.launcher.launch(trainer_fn, *args, trainer=trainer, **kwargs)
[rank0]:            ^^^^^^^^^^^^^^^^^^^^^^^^^^^^^^^^^^^^^^^^^^^^^^^^^^^^^^^^^^^^^^^^^^^^^^^^^^^^^^
[rank0]:   File "/lustre06/project/6006845/atjhin/label_tweets/venv/lib/python3.11/site-packages/pytorch_lightning/strategies/launchers/subprocess_script.py", line 105, in launch
[rank0]:     return function(*args, **kwargs)
[rank0]:            ^^^^^^^^^^^^^^^^^^^^^^^^^
[rank0]:   File "/lustre06/project/6006845/atjhin/label_tweets/venv/lib/python3.11/site-packages/pytorch_lightning/trainer/trainer.py", line 599, in _fit_impl
[rank0]:     self._run(model, ckpt_path=ckpt_path)
[rank0]:   File "/lustre06/project/6006845/atjhin/label_tweets/venv/lib/python3.11/site-packages/pytorch_lightning/trainer/trainer.py", line 1012, in _run
[rank0]:     results = self._run_stage()
[rank0]:               ^^^^^^^^^^^^^^^^^
[rank0]:   File "/lustre06/project/6006845/atjhin/label_tweets/venv/lib/python3.11/site-packages/pytorch_lightning/trainer/trainer.py", line 1056, in _run_stage
[rank0]:     self.fit_loop.run()
[rank0]:   File "/lustre06/project/6006845/atjhin/label_tweets/venv/lib/python3.11/site-packages/pytorch_lightning/loops/fit_loop.py", line 216, in run
[rank0]:     self.advance()
[rank0]:   File "/lustre06/project/6006845/atjhin/label_tweets/venv/lib/python3.11/site-packages/pytorch_lightning/loops/fit_loop.py", line 455, in advance
[rank0]:     self.epoch_loop.run(self._data_fetcher)
[rank0]:   File "/lustre06/project/6006845/atjhin/label_tweets/venv/lib/python3.11/site-packages/pytorch_lightning/loops/training_epoch_loop.py", line 150, in run
[rank0]:     self.advance(data_fetcher)
[rank0]:   File "/lustre06/project/6006845/atjhin/label_tweets/venv/lib/python3.11/site-packages/pytorch_lightning/loops/training_epoch_loop.py", line 320, in advance
[rank0]:     batch_output = self.automatic_optimization.run(trainer.optimizers[0], batch_idx, kwargs)
[rank0]:                    ^^^^^^^^^^^^^^^^^^^^^^^^^^^^^^^^^^^^^^^^^^^^^^^^^^^^^^^^^^^^^^^^^^^^^^^^^
[rank0]:   File "/lustre06/project/6006845/atjhin/label_tweets/venv/lib/python3.11/site-packages/pytorch_lightning/loops/optimization/automatic.py", line 192, in run
[rank0]:     self._optimizer_step(batch_idx, closure)
[rank0]:   File "/lustre06/project/6006845/atjhin/label_tweets/venv/lib/python3.11/site-packages/pytorch_lightning/loops/optimization/automatic.py", line 270, in _optimizer_step
[rank0]:     call._call_lightning_module_hook(
[rank0]:   File "/lustre06/project/6006845/atjhin/label_tweets/venv/lib/python3.11/site-packages/pytorch_lightning/trainer/call.py", line 176, in _call_lightning_module_hook
[rank0]:     output = fn(*args, **kwargs)
[rank0]:              ^^^^^^^^^^^^^^^^^^^
[rank0]:   File "/lustre06/project/6006845/atjhin/label_tweets/venv/lib/python3.11/site-packages/pytorch_lightning/core/module.py", line 1302, in optimizer_step
[rank0]:     optimizer.step(closure=optimizer_closure)
[rank0]:   File "/lustre06/project/6006845/atjhin/label_tweets/venv/lib/python3.11/site-packages/pytorch_lightning/core/optimizer.py", line 154, in step
[rank0]:     step_output = self._strategy.optimizer_step(self._optimizer, closure, **kwargs)
[rank0]:                   ^^^^^^^^^^^^^^^^^^^^^^^^^^^^^^^^^^^^^^^^^^^^^^^^^^^^^^^^^^^^^^^^^
[rank0]:   File "/lustre06/project/6006845/atjhin/label_tweets/venv/lib/python3.11/site-packages/pytorch_lightning/strategies/ddp.py", line 270, in optimizer_step
[rank0]:     optimizer_output = super().optimizer_step(optimizer, closure, model, **kwargs)
[rank0]:                        ^^^^^^^^^^^^^^^^^^^^^^^^^^^^^^^^^^^^^^^^^^^^^^^^^^^^^^^^^^^
[rank0]:   File "/lustre06/project/6006845/atjhin/label_tweets/venv/lib/python3.11/site-packages/pytorch_lightning/strategies/strategy.py", line 239, in optimizer_step
[rank0]:     return self.precision_plugin.optimizer_step(optimizer, model=model, closure=closure, **kwargs)
[rank0]:            ^^^^^^^^^^^^^^^^^^^^^^^^^^^^^^^^^^^^^^^^^^^^^^^^^^^^^^^^^^^^^^^^^^^^^^^^^^^^^^^^^^^^^^^
[rank0]:   File "/lustre06/project/6006845/atjhin/label_tweets/venv/lib/python3.11/site-packages/pytorch_lightning/plugins/precision/amp.py", line 79, in optimizer_step
[rank0]:     closure_result = closure()
[rank0]:                      ^^^^^^^^^
[rank0]:   File "/lustre06/project/6006845/atjhin/label_tweets/venv/lib/python3.11/site-packages/pytorch_lightning/loops/optimization/automatic.py", line 146, in __call__
[rank0]:     self._result = self.closure(*args, **kwargs)
[rank0]:                    ^^^^^^^^^^^^^^^^^^^^^^^^^^^^^
[rank0]:   File "/lustre06/project/6006845/atjhin/label_tweets/venv/lib/python3.11/site-packages/torch/utils/_contextlib.py", line 116, in decorate_context
[rank0]:     return func(*args, **kwargs)
[rank0]:            ^^^^^^^^^^^^^^^^^^^^^
[rank0]:   File "/lustre06/project/6006845/atjhin/label_tweets/venv/lib/python3.11/site-packages/pytorch_lightning/loops/optimization/automatic.py", line 131, in closure
[rank0]:     step_output = self._step_fn()
[rank0]:                   ^^^^^^^^^^^^^^^
[rank0]:   File "/lustre06/project/6006845/atjhin/label_tweets/venv/lib/python3.11/site-packages/pytorch_lightning/loops/optimization/automatic.py", line 319, in _training_step
[rank0]:     training_step_output = call._call_strategy_hook(trainer, "training_step", *kwargs.values())
[rank0]:                            ^^^^^^^^^^^^^^^^^^^^^^^^^^^^^^^^^^^^^^^^^^^^^^^^^^^^^^^^^^^^^^^^^^^^
[rank0]:   File "/lustre06/project/6006845/atjhin/label_tweets/venv/lib/python3.11/site-packages/pytorch_lightning/trainer/call.py", line 328, in _call_strategy_hook
[rank0]:     output = fn(*args, **kwargs)
[rank0]:              ^^^^^^^^^^^^^^^^^^^
[rank0]:   File "/lustre06/project/6006845/atjhin/label_tweets/venv/lib/python3.11/site-packages/pytorch_lightning/strategies/strategy.py", line 390, in training_step
[rank0]:     return self._forward_redirection(self.model, self.lightning_module, "training_step", *args, **kwargs)
[rank0]:            ^^^^^^^^^^^^^^^^^^^^^^^^^^^^^^^^^^^^^^^^^^^^^^^^^^^^^^^^^^^^^^^^^^^^^^^^^^^^^^^^^^^^^^^^^^^^^^
[rank0]:   File "/lustre06/project/6006845/atjhin/label_tweets/venv/lib/python3.11/site-packages/pytorch_lightning/strategies/strategy.py", line 641, in __call__
[rank0]:     wrapper_output = wrapper_module(*args, **kwargs)
[rank0]:                      ^^^^^^^^^^^^^^^^^^^^^^^^^^^^^^^
[rank0]:   File "/lustre06/project/6006845/atjhin/label_tweets/venv/lib/python3.11/site-packages/torch/nn/modules/module.py", line 1751, in _wrapped_call_impl
[rank0]:     return self._call_impl(*args, **kwargs)
[rank0]:            ^^^^^^^^^^^^^^^^^^^^^^^^^^^^^^^^
[rank0]:   File "/lustre06/project/6006845/atjhin/label_tweets/venv/lib/python3.11/site-packages/torch/nn/modules/module.py", line 1762, in _call_impl
[rank0]:     return forward_call(*args, **kwargs)
[rank0]:            ^^^^^^^^^^^^^^^^^^^^^^^^^^^^^
[rank0]:   File "/lustre06/project/6006845/atjhin/label_tweets/venv/lib/python3.11/site-packages/torch/nn/parallel/distributed.py", line 1633, in forward
[rank0]:     inputs, kwargs = self._pre_forward(*inputs, **kwargs)
[rank0]:                      ^^^^^^^^^^^^^^^^^^^^^^^^^^^^^^^^^^^^
[rank0]:   File "/lustre06/project/6006845/atjhin/label_tweets/venv/lib/python3.11/site-packages/torch/nn/parallel/distributed.py", line 1522, in _pre_forward
[rank0]:     if torch.is_grad_enabled() and self.reducer._rebuild_buckets():
[rank0]:                                    ^^^^^^^^^^^^^^^^^^^^^^^^^^^^^^^
[rank0]: RuntimeError: It looks like your LightningModule has parameters that were not used in producing the loss returned by training_step. If this is intentional, you must enable the detection of unused parameters in DDP, either by setting the string value `strategy='ddp_find_unused_parameters_true'` or by setting the flag in the strategy with `strategy=DDPStrategy(find_unused_parameters=True)`.
[rank1]: Traceback (most recent call last):
[rank1]:   File "<frozen runpy>", line 198, in _run_module_as_main
[rank1]:   File "<frozen runpy>", line 88, in _run_code
[rank1]:   File "/lustre06/project/6006845/atjhin/label_tweets/Refactored/self_supervised_learning.py", line 145, in <module>
[rank1]:     pre_train_sentence_transformer(data_path="Refactored/data/raw_tweets.csv", max_epochs=10)
[rank1]:   File "/lustre06/project/6006845/atjhin/label_tweets/Refactored/self_supervised_learning.py", line 131, in pre_train_sentence_transformer
[rank1]:     trainer.fit(model, datamodule)
[rank1]:   File "/lustre06/project/6006845/atjhin/label_tweets/venv/lib/python3.11/site-packages/pytorch_lightning/trainer/trainer.py", line 561, in fit
[rank1]:     call._call_and_handle_interrupt(
[rank1]:   File "/lustre06/project/6006845/atjhin/label_tweets/venv/lib/python3.11/site-packages/pytorch_lightning/trainer/call.py", line 47, in _call_and_handle_interrupt
[rank1]:     return trainer.strategy.launcher.launch(trainer_fn, *args, trainer=trainer, **kwargs)
[rank1]:            ^^^^^^^^^^^^^^^^^^^^^^^^^^^^^^^^^^^^^^^^^^^^^^^^^^^^^^^^^^^^^^^^^^^^^^^^^^^^^^
[rank1]:   File "/lustre06/project/6006845/atjhin/label_tweets/venv/lib/python3.11/site-packages/pytorch_lightning/strategies/launchers/subprocess_script.py", line 105, in launch
[rank1]:     return function(*args, **kwargs)
[rank1]:            ^^^^^^^^^^^^^^^^^^^^^^^^^
[rank1]:   File "/lustre06/project/6006845/atjhin/label_tweets/venv/lib/python3.11/site-packages/pytorch_lightning/trainer/trainer.py", line 599, in _fit_impl
[rank1]:     self._run(model, ckpt_path=ckpt_path)
[rank1]:   File "/lustre06/project/6006845/atjhin/label_tweets/venv/lib/python3.11/site-packages/pytorch_lightning/trainer/trainer.py", line 1012, in _run
[rank1]:     results = self._run_stage()
[rank1]:               ^^^^^^^^^^^^^^^^^
[rank1]:   File "/lustre06/project/6006845/atjhin/label_tweets/venv/lib/python3.11/site-packages/pytorch_lightning/trainer/trainer.py", line 1056, in _run_stage
[rank1]:     self.fit_loop.run()
[rank1]:   File "/lustre06/project/6006845/atjhin/label_tweets/venv/lib/python3.11/site-packages/pytorch_lightning/loops/fit_loop.py", line 216, in run
[rank1]:     self.advance()
[rank1]:   File "/lustre06/project/6006845/atjhin/label_tweets/venv/lib/python3.11/site-packages/pytorch_lightning/loops/fit_loop.py", line 455, in advance
[rank1]:     self.epoch_loop.run(self._data_fetcher)
[rank1]:   File "/lustre06/project/6006845/atjhin/label_tweets/venv/lib/python3.11/site-packages/pytorch_lightning/loops/training_epoch_loop.py", line 150, in run
[rank1]:     self.advance(data_fetcher)
[rank1]:   File "/lustre06/project/6006845/atjhin/label_tweets/venv/lib/python3.11/site-packages/pytorch_lightning/loops/training_epoch_loop.py", line 320, in advance
[rank1]:     batch_output = self.automatic_optimization.run(trainer.optimizers[0], batch_idx, kwargs)
[rank1]:                    ^^^^^^^^^^^^^^^^^^^^^^^^^^^^^^^^^^^^^^^^^^^^^^^^^^^^^^^^^^^^^^^^^^^^^^^^^
[rank1]:   File "/lustre06/project/6006845/atjhin/label_tweets/venv/lib/python3.11/site-packages/pytorch_lightning/loops/optimization/automatic.py", line 192, in run
[rank1]:     self._optimizer_step(batch_idx, closure)
[rank1]:   File "/lustre06/project/6006845/atjhin/label_tweets/venv/lib/python3.11/site-packages/pytorch_lightning/loops/optimization/automatic.py", line 270, in _optimizer_step
[rank1]:     call._call_lightning_module_hook(
[rank1]:   File "/lustre06/project/6006845/atjhin/label_tweets/venv/lib/python3.11/site-packages/pytorch_lightning/trainer/call.py", line 176, in _call_lightning_module_hook
[rank1]:     output = fn(*args, **kwargs)
[rank1]:              ^^^^^^^^^^^^^^^^^^^
[rank1]:   File "/lustre06/project/6006845/atjhin/label_tweets/venv/lib/python3.11/site-packages/pytorch_lightning/core/module.py", line 1302, in optimizer_step
[rank1]:     optimizer.step(closure=optimizer_closure)
[rank1]:   File "/lustre06/project/6006845/atjhin/label_tweets/venv/lib/python3.11/site-packages/pytorch_lightning/core/optimizer.py", line 154, in step
[rank1]:     step_output = self._strategy.optimizer_step(self._optimizer, closure, **kwargs)
[rank1]:                   ^^^^^^^^^^^^^^^^^^^^^^^^^^^^^^^^^^^^^^^^^^^^^^^^^^^^^^^^^^^^^^^^^
[rank1]:   File "/lustre06/project/6006845/atjhin/label_tweets/venv/lib/python3.11/site-packages/pytorch_lightning/strategies/ddp.py", line 270, in optimizer_step
[rank1]:     optimizer_output = super().optimizer_step(optimizer, closure, model, **kwargs)
[rank1]:                        ^^^^^^^^^^^^^^^^^^^^^^^^^^^^^^^^^^^^^^^^^^^^^^^^^^^^^^^^^^^
[rank1]:   File "/lustre06/project/6006845/atjhin/label_tweets/venv/lib/python3.11/site-packages/pytorch_lightning/strategies/strategy.py", line 239, in optimizer_step
[rank1]:     return self.precision_plugin.optimizer_step(optimizer, model=model, closure=closure, **kwargs)
[rank1]:            ^^^^^^^^^^^^^^^^^^^^^^^^^^^^^^^^^^^^^^^^^^^^^^^^^^^^^^^^^^^^^^^^^^^^^^^^^^^^^^^^^^^^^^^
[rank1]:   File "/lustre06/project/6006845/atjhin/label_tweets/venv/lib/python3.11/site-packages/pytorch_lightning/plugins/precision/amp.py", line 79, in optimizer_step
[rank1]:     closure_result = closure()
[rank1]:                      ^^^^^^^^^
[rank1]:   File "/lustre06/project/6006845/atjhin/label_tweets/venv/lib/python3.11/site-packages/pytorch_lightning/loops/optimization/automatic.py", line 146, in __call__
[rank1]:     self._result = self.closure(*args, **kwargs)
[rank1]:                    ^^^^^^^^^^^^^^^^^^^^^^^^^^^^^
[rank1]:   File "/lustre06/project/6006845/atjhin/label_tweets/venv/lib/python3.11/site-packages/torch/utils/_contextlib.py", line 116, in decorate_context
[rank1]:     return func(*args, **kwargs)
[rank1]:            ^^^^^^^^^^^^^^^^^^^^^
[rank1]:   File "/lustre06/project/6006845/atjhin/label_tweets/venv/lib/python3.11/site-packages/pytorch_lightning/loops/optimization/automatic.py", line 131, in closure
[rank1]:     step_output = self._step_fn()
[rank1]:                   ^^^^^^^^^^^^^^^
[rank1]:   File "/lustre06/project/6006845/atjhin/label_tweets/venv/lib/python3.11/site-packages/pytorch_lightning/loops/optimization/automatic.py", line 319, in _training_step
[rank1]:     training_step_output = call._call_strategy_hook(trainer, "training_step", *kwargs.values())
[rank1]:                            ^^^^^^^^^^^^^^^^^^^^^^^^^^^^^^^^^^^^^^^^^^^^^^^^^^^^^^^^^^^^^^^^^^^^
[rank1]:   File "/lustre06/project/6006845/atjhin/label_tweets/venv/lib/python3.11/site-packages/pytorch_lightning/trainer/call.py", line 328, in _call_strategy_hook
[rank1]:     output = fn(*args, **kwargs)
[rank1]:              ^^^^^^^^^^^^^^^^^^^
[rank1]:   File "/lustre06/project/6006845/atjhin/label_tweets/venv/lib/python3.11/site-packages/pytorch_lightning/strategies/strategy.py", line 390, in training_step
[rank1]:     return self._forward_redirection(self.model, self.lightning_module, "training_step", *args, **kwargs)
[rank1]:            ^^^^^^^^^^^^^^^^^^^^^^^^^^^^^^^^^^^^^^^^^^^^^^^^^^^^^^^^^^^^^^^^^^^^^^^^^^^^^^^^^^^^^^^^^^^^^^
[rank1]:   File "/lustre06/project/6006845/atjhin/label_tweets/venv/lib/python3.11/site-packages/pytorch_lightning/strategies/strategy.py", line 641, in __call__
[rank1]:     wrapper_output = wrapper_module(*args, **kwargs)
[rank1]:                      ^^^^^^^^^^^^^^^^^^^^^^^^^^^^^^^
[rank1]:   File "/lustre06/project/6006845/atjhin/label_tweets/venv/lib/python3.11/site-packages/torch/nn/modules/module.py", line 1751, in _wrapped_call_impl
[rank1]:     return self._call_impl(*args, **kwargs)
[rank1]:            ^^^^^^^^^^^^^^^^^^^^^^^^^^^^^^^^
[rank1]:   File "/lustre06/project/6006845/atjhin/label_tweets/venv/lib/python3.11/site-packages/torch/nn/modules/module.py", line 1762, in _call_impl
[rank1]:     return forward_call(*args, **kwargs)
[rank1]:            ^^^^^^^^^^^^^^^^^^^^^^^^^^^^^
[rank1]:   File "/lustre06/project/6006845/atjhin/label_tweets/venv/lib/python3.11/site-packages/torch/nn/parallel/distributed.py", line 1633, in forward
[rank1]:     inputs, kwargs = self._pre_forward(*inputs, **kwargs)
[rank1]:                      ^^^^^^^^^^^^^^^^^^^^^^^^^^^^^^^^^^^^
[rank1]:   File "/lustre06/project/6006845/atjhin/label_tweets/venv/lib/python3.11/site-packages/torch/nn/parallel/distributed.py", line 1522, in _pre_forward
[rank1]:     if torch.is_grad_enabled() and self.reducer._rebuild_buckets():
[rank1]:                                    ^^^^^^^^^^^^^^^^^^^^^^^^^^^^^^^
[rank1]: RuntimeError: It looks like your LightningModule has parameters that were not used in producing the loss returned by training_step. If this is intentional, you must enable the detection of unused parameters in DDP, either by setting the string value `strategy='ddp_find_unused_parameters_true'` or by setting the flag in the strategy with `strategy=DDPStrategy(find_unused_parameters=True)`.
Epoch 0:   0%|          | 1/7536 [00:09<20:11:17,  0.10it/s, v_num=5, train_loss=0.381]