
Lmod is automatically replacing "gcc/12.3" with "intel/2023.2.1".


Due to MODULEPATH changes, the following have been reloaded:
  1) blis/0.9.0     2) flexiblas/3.3.1     3) openmpi/4.1.5


Lmod is automatically replacing "intel/2023.2.1" with "gcc/12.3".


Inactive Modules:
  1) cuda/11.8     2) cudacore/.11.8.0

Due to MODULEPATH changes, the following have been reloaded:
  1) blis/0.9.0     2) flexiblas/3.3.1     3) openmpi/4.1.5

/lustre06/project/6006845/atjhin/label_tweets/Refactored/self_supervised_learning.py:80: DtypeWarning: Columns (0,1,3,4,6,7) have mixed types. Specify dtype option on import or set low_memory=False.
  data = pd.read_csv(data_path)
/lustre06/project/6006845/atjhin/label_tweets/venv/lib/python3.11/site-packages/lightning_fabric/plugins/environments/slurm.py:204: The `srun` command is available on your system but is not used. HINT: If your intention is to run Lightning on SLURM, prepend your python command with `srun` like so: srun python /lustre06/project/6006845/atjhin/label_tweets/Refact ...
Using 16bit Automatic Mixed Precision (AMP)
GPU available: True (cuda), used: True
TPU available: False, using: 0 TPU cores
HPU available: False, using: 0 HPUs
`Trainer(val_check_interval=1.0)` was configured so validation will run at the end of the training epoch..
You are using a CUDA device ('NVIDIA A100-SXM4-40GB') that has Tensor Cores. To properly utilize them, you should set `torch.set_float32_matmul_precision('medium' | 'high')` which will trade-off precision for performance. For more details, read https://pytorch.org/docs/stable/generated/torch.set_float32_matmul_precision.html#torch.set_float32_matmul_precision
/lustre06/project/6006845/atjhin/label_tweets/venv/lib/python3.11/site-packages/pytorch_lightning/callbacks/model_checkpoint.py:654: Checkpoint directory /lustre06/project/6006845/atjhin/label_tweets/checkpoints exists and is not empty.
LOCAL_RANK: 0 - CUDA_VISIBLE_DEVICES: [0]

  | Name    | Type                         | Params | Mode 
-----------------------------------------------------------------
0 | model   | SentenceTransformer          | 109 M  | train
1 | loss_fn | MultipleNegativesRankingLoss | 109 M  | train
-----------------------------------------------------------------
109 M     Trainable params
0         Non-trainable params
109 M     Total params
437.946   Total estimated model params size (MB)
6         Modules in train mode
216       Modules in eval mode
Model Created========================================
Data Read========================================
Data Module Created ========================================
Trainer Fitting ========================================
Shape of training/validation/test: 1929341/214372

Sanity Checking: |          | 0/? [00:00<?, ?it/s]/lustre06/project/6006845/atjhin/label_tweets/venv/lib/python3.11/site-packages/torch/utils/data/dataloader.py:626: UserWarning: This DataLoader will create 47 worker processes in total. Our suggested max number of worker in current system is 4, which is smaller than what this DataLoader is going to create. Please be aware that excessive worker creation might get DataLoader running slow or even freeze, lower the worker number to avoid potential slowness/freeze if necessary.
  warnings.warn(

Sanity Checking:   0%|          | 0/2 [00:00<?, ?it/s]
Sanity Checking DataLoader 0:   0%|          | 0/2 [00:00<?, ?it/s]
Sanity Checking DataLoader 0:  50%|█████     | 1/2 [00:01<00:01,  0.67it/s]
Sanity Checking DataLoader 0: 100%|██████████| 2/2 [00:01<00:00,  1.29it/s]
                                                                           

Training: |          | 0/? [00:00<?, ?it/s]
Training:   0%|          | 0/7536 [00:00<?, ?it/s]
Epoch 0:   0%|          | 0/7536 [00:00<?, ?it/s] 
Epoch 0:   0%|          | 1/7536 [00:01<2:39:22,  0.79it/s]
Epoch 0:   0%|          | 1/7536 [00:01<2:39:25,  0.79it/s, v_num=4, train_loss=0.570]
Epoch 0:   0%|          | 2/7536 [00:01<1:41:00,  1.24it/s, v_num=4, train_loss=0.570]
Epoch 0:   0%|          | 2/7536 [00:01<1:41:22,  1.24it/s, v_num=4, train_loss=0.610]
Epoch 0:   0%|          | 3/7536 [00:01<1:16:58,  1.63it/s, v_num=4, train_loss=0.610]
Epoch 0:   0%|          | 3/7536 [00:01<1:17:12,  1.63it/s, v_num=4, train_loss=0.567]
Epoch 0:   0%|          | 4/7536 [00:02<1:07:14,  1.87it/s, v_num=4, train_loss=0.567]
Epoch 0:   0%|          | 4/7536 [00:02<1:07:25,  1.86it/s, v_num=4, train_loss=0.825]
Epoch 0:   0%|          | 5/7536 [00:02<1:01:43,  2.03it/s, v_num=4, train_loss=0.825]
Epoch 0:   0%|          | 5/7536 [00:02<1:01:51,  2.03it/s, v_num=4, train_loss=0.682]
Epoch 0:   0%|          | 6/7536 [00:02<56:50,  2.21it/s, v_num=4, train_loss=0.682]  
Epoch 0:   0%|          | 6/7536 [00:02<56:57,  2.20it/s, v_num=4, train_loss=0.435]
Epoch 0:   0%|          | 7/7536 [00:02<53:42,  2.34it/s, v_num=4, train_loss=0.435]
Epoch 0:   0%|          | 7/7536 [00:03<53:48,  2.33it/s, v_num=4, train_loss=0.474]
Epoch 0:   0%|          | 8/7536 [00:03<51:15,  2.45it/s, v_num=4, train_loss=0.474]
Epoch 0:   0%|          | 8/7536 [00:03<51:20,  2.44it/s, v_num=4, train_loss=0.581]
Epoch 0:   0%|          | 9/7536 [00:03<49:12,  2.55it/s, v_num=4, train_loss=0.581]
Epoch 0:   0%|          | 9/7536 [00:03<49:16,  2.55it/s, v_num=4, train_loss=0.461]
Epoch 0:   0%|          | 10/7536 [00:03<47:49,  2.62it/s, v_num=4, train_loss=0.461]
Epoch 0:   0%|          | 10/7536 [00:03<47:53,  2.62it/s, v_num=4, train_loss=0.418]
Epoch 0:   0%|          | 11/7536 [00:04<46:20,  2.71it/s, v_num=4, train_loss=0.418]
Epoch 0:   0%|          | 11/7536 [00:04<46:23,  2.70it/s, v_num=4, train_loss=0.497]
Epoch 0:   0%|          | 12/7536 [00:04<45:15,  2.77it/s, v_num=4, train_loss=0.497]
Epoch 0:   0%|          | 12/7536 [00:04<45:18,  2.77it/s, v_num=4, train_loss=0.557]Traceback (most recent call last):
  File "<frozen runpy>", line 198, in _run_module_as_main
  File "<frozen runpy>", line 88, in _run_code
  File "/lustre06/project/6006845/atjhin/label_tweets/Refactored/self_supervised_learning.py", line 144, in <module>
    pre_train_sentence_transformer(data_path="Refactored/data/raw_tweets.csv", max_epochs=10)
  File "/lustre06/project/6006845/atjhin/label_tweets/Refactored/self_supervised_learning.py", line 130, in pre_train_sentence_transformer
    trainer.fit(model, datamodule)
  File "/lustre06/project/6006845/atjhin/label_tweets/venv/lib/python3.11/site-packages/pytorch_lightning/trainer/trainer.py", line 561, in fit
    call._call_and_handle_interrupt(
  File "/lustre06/project/6006845/atjhin/label_tweets/venv/lib/python3.11/site-packages/pytorch_lightning/trainer/call.py", line 48, in _call_and_handle_interrupt
    return trainer_fn(*args, **kwargs)
           ^^^^^^^^^^^^^^^^^^^^^^^^^^^
  File "/lustre06/project/6006845/atjhin/label_tweets/venv/lib/python3.11/site-packages/pytorch_lightning/trainer/trainer.py", line 599, in _fit_impl
    self._run(model, ckpt_path=ckpt_path)
  File "/lustre06/project/6006845/atjhin/label_tweets/venv/lib/python3.11/site-packages/pytorch_lightning/trainer/trainer.py", line 1012, in _run
    results = self._run_stage()
              ^^^^^^^^^^^^^^^^^
  File "/lustre06/project/6006845/atjhin/label_tweets/venv/lib/python3.11/site-packages/pytorch_lightning/trainer/trainer.py", line 1056, in _run_stage
    self.fit_loop.run()
  File "/lustre06/project/6006845/atjhin/label_tweets/venv/lib/python3.11/site-packages/pytorch_lightning/loops/fit_loop.py", line 216, in run
    self.advance()
  File "/lustre06/project/6006845/atjhin/label_tweets/venv/lib/python3.11/site-packages/pytorch_lightning/loops/fit_loop.py", line 455, in advance
    self.epoch_loop.run(self._data_fetcher)
  File "/lustre06/project/6006845/atjhin/label_tweets/venv/lib/python3.11/site-packages/pytorch_lightning/loops/training_epoch_loop.py", line 150, in run
    self.advance(data_fetcher)
  File "/lustre06/project/6006845/atjhin/label_tweets/venv/lib/python3.11/site-packages/pytorch_lightning/loops/training_epoch_loop.py", line 320, in advance
    batch_output = self.automatic_optimization.run(trainer.optimizers[0], batch_idx, kwargs)
                   ^^^^^^^^^^^^^^^^^^^^^^^^^^^^^^^^^^^^^^^^^^^^^^^^^^^^^^^^^^^^^^^^^^^^^^^^^
  File "/lustre06/project/6006845/atjhin/label_tweets/venv/lib/python3.11/site-packages/pytorch_lightning/loops/optimization/automatic.py", line 192, in run
    self._optimizer_step(batch_idx, closure)
  File "/lustre06/project/6006845/atjhin/label_tweets/venv/lib/python3.11/site-packages/pytorch_lightning/loops/optimization/automatic.py", line 270, in _optimizer_step
    call._call_lightning_module_hook(
  File "/lustre06/project/6006845/atjhin/label_tweets/venv/lib/python3.11/site-packages/pytorch_lightning/trainer/call.py", line 176, in _call_lightning_module_hook
    output = fn(*args, **kwargs)
             ^^^^^^^^^^^^^^^^^^^
  File "/lustre06/project/6006845/atjhin/label_tweets/venv/lib/python3.11/site-packages/pytorch_lightning/core/module.py", line 1302, in optimizer_step
    optimizer.step(closure=optimizer_closure)
  File "/lustre06/project/6006845/atjhin/label_tweets/venv/lib/python3.11/site-packages/pytorch_lightning/core/optimizer.py", line 154, in step
    step_output = self._strategy.optimizer_step(self._optimizer, closure, **kwargs)
                  ^^^^^^^^^^^^^^^^^^^^^^^^^^^^^^^^^^^^^^^^^^^^^^^^^^^^^^^^^^^^^^^^^
  File "/lustre06/project/6006845/atjhin/label_tweets/venv/lib/python3.11/site-packages/pytorch_lightning/strategies/strategy.py", line 239, in optimizer_step
    return self.precision_plugin.optimizer_step(optimizer, model=model, closure=closure, **kwargs)
           ^^^^^^^^^^^^^^^^^^^^^^^^^^^^^^^^^^^^^^^^^^^^^^^^^^^^^^^^^^^^^^^^^^^^^^^^^^^^^^^^^^^^^^^
  File "/lustre06/project/6006845/atjhin/label_tweets/venv/lib/python3.11/site-packages/pytorch_lightning/plugins/precision/amp.py", line 79, in optimizer_step
    closure_result = closure()
                     ^^^^^^^^^
  File "/lustre06/project/6006845/atjhin/label_tweets/venv/lib/python3.11/site-packages/pytorch_lightning/loops/optimization/automatic.py", line 146, in __call__
    self._result = self.closure(*args, **kwargs)
                   ^^^^^^^^^^^^^^^^^^^^^^^^^^^^^
  File "/lustre06/project/6006845/atjhin/label_tweets/venv/lib/python3.11/site-packages/torch/utils/_contextlib.py", line 116, in decorate_context
    return func(*args, **kwargs)
           ^^^^^^^^^^^^^^^^^^^^^
  File "/lustre06/project/6006845/atjhin/label_tweets/venv/lib/python3.11/site-packages/pytorch_lightning/loops/optimization/automatic.py", line 131, in closure
    step_output = self._step_fn()
                  ^^^^^^^^^^^^^^^
  File "/lustre06/project/6006845/atjhin/label_tweets/venv/lib/python3.11/site-packages/pytorch_lightning/loops/optimization/automatic.py", line 319, in _training_step
    training_step_output = call._call_strategy_hook(trainer, "training_step", *kwargs.values())
                           ^^^^^^^^^^^^^^^^^^^^^^^^^^^^^^^^^^^^^^^^^^^^^^^^^^^^^^^^^^^^^^^^^^^^
  File "/lustre06/project/6006845/atjhin/label_tweets/venv/lib/python3.11/site-packages/pytorch_lightning/trainer/call.py", line 328, in _call_strategy_hook
    output = fn(*args, **kwargs)
             ^^^^^^^^^^^^^^^^^^^
  File "/lustre06/project/6006845/atjhin/label_tweets/venv/lib/python3.11/site-packages/pytorch_lightning/strategies/strategy.py", line 391, in training_step
    return self.lightning_module.training_step(*args, **kwargs)
           ^^^^^^^^^^^^^^^^^^^^^^^^^^^^^^^^^^^^^^^^^^^^^^^^^^^^
  File "/lustre06/project/6006845/atjhin/label_tweets/Refactored/self_supervised_learning.py", line 47, in training_step
    loss = self.loss_fn(sentence_features, labels)
           ^^^^^^^^^^^^^^^^^^^^^^^^^^^^^^^^^^^^^^^
  File "/lustre06/project/6006845/atjhin/label_tweets/venv/lib/python3.11/site-packages/torch/nn/modules/module.py", line 1751, in _wrapped_call_impl
    return self._call_impl(*args, **kwargs)
           ^^^^^^^^^^^^^^^^^^^^^^^^^^^^^^^^
  File "/lustre06/project/6006845/atjhin/label_tweets/venv/lib/python3.11/site-packages/torch/nn/modules/module.py", line 1762, in _call_impl
    return forward_call(*args, **kwargs)
           ^^^^^^^^^^^^^^^^^^^^^^^^^^^^^
  File "/lustre06/project/6006845/atjhin/label_tweets/venv/lib/python3.11/site-packages/sentence_transformers/losses/MultipleNegativesRankingLoss.py", line 102, in forward
    reps = [self.model(sentence_feature)["sentence_embedding"] for sentence_feature in sentence_features]
           ^^^^^^^^^^^^^^^^^^^^^^^^^^^^^^^^^^^^^^^^^^^^^^^^^^^^^^^^^^^^^^^^^^^^^^^^^^^^^^^^^^^^^^^^^^^^^^
  File "/lustre06/project/6006845/atjhin/label_tweets/venv/lib/python3.11/site-packages/sentence_transformers/losses/MultipleNegativesRankingLoss.py", line 102, in <listcomp>
    reps = [self.model(sentence_feature)["sentence_embedding"] for sentence_feature in sentence_features]
            ^^^^^^^^^^^^^^^^^^^^^^^^^^^^
  File "/lustre06/project/6006845/atjhin/label_tweets/venv/lib/python3.11/site-packages/torch/nn/modules/module.py", line 1751, in _wrapped_call_impl
    return self._call_impl(*args, **kwargs)
           ^^^^^^^^^^^^^^^^^^^^^^^^^^^^^^^^
  File "/lustre06/project/6006845/atjhin/label_tweets/venv/lib/python3.11/site-packages/torch/nn/modules/module.py", line 1762, in _call_impl
    return forward_call(*args, **kwargs)
           ^^^^^^^^^^^^^^^^^^^^^^^^^^^^^
  File "/lustre06/project/6006845/atjhin/label_tweets/venv/lib/python3.11/site-packages/sentence_transformers/SentenceTransformer.py", line 690, in forward
    input = module(input, **module_kwargs)
            ^^^^^^^^^^^^^^^^^^^^^^^^^^^^^^
  File "/lustre06/project/6006845/atjhin/label_tweets/venv/lib/python3.11/site-packages/torch/nn/modules/module.py", line 1751, in _wrapped_call_impl
    return self._call_impl(*args, **kwargs)
           ^^^^^^^^^^^^^^^^^^^^^^^^^^^^^^^^
  File "/lustre06/project/6006845/atjhin/label_tweets/venv/lib/python3.11/site-packages/torch/nn/modules/module.py", line 1762, in _call_impl
    return forward_call(*args, **kwargs)
           ^^^^^^^^^^^^^^^^^^^^^^^^^^^^^
  File "/lustre06/project/6006845/atjhin/label_tweets/venv/lib/python3.11/site-packages/sentence_transformers/models/Transformer.py", line 385, in forward
    output_states = self.auto_model(**trans_features, **kwargs, return_dict=False)
                    ^^^^^^^^^^^^^^^^^^^^^^^^^^^^^^^^^^^^^^^^^^^^^^^^^^^^^^^^^^^^^^
  File "/lustre06/project/6006845/atjhin/label_tweets/venv/lib/python3.11/site-packages/torch/nn/modules/module.py", line 1751, in _wrapped_call_impl
    return self._call_impl(*args, **kwargs)
           ^^^^^^^^^^^^^^^^^^^^^^^^^^^^^^^^
  File "/lustre06/project/6006845/atjhin/label_tweets/venv/lib/python3.11/site-packages/torch/nn/modules/module.py", line 1762, in _call_impl
    return forward_call(*args, **kwargs)
           ^^^^^^^^^^^^^^^^^^^^^^^^^^^^^
  File "/lustre06/project/6006845/atjhin/label_tweets/venv/lib/python3.11/site-packages/transformers/models/mpnet/modeling_mpnet.py", line 486, in forward
    encoder_outputs = self.encoder(
                      ^^^^^^^^^^^^^
  File "/lustre06/project/6006845/atjhin/label_tweets/venv/lib/python3.11/site-packages/torch/nn/modules/module.py", line 1751, in _wrapped_call_impl
    return self._call_impl(*args, **kwargs)
           ^^^^^^^^^^^^^^^^^^^^^^^^^^^^^^^^
  File "/lustre06/project/6006845/atjhin/label_tweets/venv/lib/python3.11/site-packages/torch/nn/modules/module.py", line 1762, in _call_impl
    return forward_call(*args, **kwargs)
           ^^^^^^^^^^^^^^^^^^^^^^^^^^^^^
  File "/lustre06/project/6006845/atjhin/label_tweets/venv/lib/python3.11/site-packages/transformers/models/mpnet/modeling_mpnet.py", line 338, in forward
    layer_outputs = layer_module(
                    ^^^^^^^^^^^^^
  File "/lustre06/project/6006845/atjhin/label_tweets/venv/lib/python3.11/site-packages/torch/nn/modules/module.py", line 1751, in _wrapped_call_impl
    return self._call_impl(*args, **kwargs)
           ^^^^^^^^^^^^^^^^^^^^^^^^^^^^^^^^
  File "/lustre06/project/6006845/atjhin/label_tweets/venv/lib/python3.11/site-packages/torch/nn/modules/module.py", line 1762, in _call_impl
    return forward_call(*args, **kwargs)
           ^^^^^^^^^^^^^^^^^^^^^^^^^^^^^
  File "/lustre06/project/6006845/atjhin/label_tweets/venv/lib/python3.11/site-packages/transformers/models/mpnet/modeling_mpnet.py", line 307, in forward
    intermediate_output = self.intermediate(attention_output)
                          ^^^^^^^^^^^^^^^^^^^^^^^^^^^^^^^^^^^
  File "/lustre06/project/6006845/atjhin/label_tweets/venv/lib/python3.11/site-packages/torch/nn/modules/module.py", line 1751, in _wrapped_call_impl
    return self._call_impl(*args, **kwargs)
           ^^^^^^^^^^^^^^^^^^^^^^^^^^^^^^^^
  File "/lustre06/project/6006845/atjhin/label_tweets/venv/lib/python3.11/site-packages/torch/nn/modules/module.py", line 1762, in _call_impl
    return forward_call(*args, **kwargs)
           ^^^^^^^^^^^^^^^^^^^^^^^^^^^^^
  File "/lustre06/project/6006845/atjhin/label_tweets/venv/lib/python3.11/site-packages/transformers/models/mpnet/modeling_mpnet.py", line 262, in forward
    hidden_states = self.intermediate_act_fn(hidden_states)
                    ^^^^^^^^^^^^^^^^^^^^^^^^^^^^^^^^^^^^^^^
  File "/lustre06/project/6006845/atjhin/label_tweets/venv/lib/python3.11/site-packages/torch/nn/modules/module.py", line 1751, in _wrapped_call_impl
    return self._call_impl(*args, **kwargs)
           ^^^^^^^^^^^^^^^^^^^^^^^^^^^^^^^^
  File "/lustre06/project/6006845/atjhin/label_tweets/venv/lib/python3.11/site-packages/torch/nn/modules/module.py", line 1762, in _call_impl
    return forward_call(*args, **kwargs)
           ^^^^^^^^^^^^^^^^^^^^^^^^^^^^^
  File "/lustre06/project/6006845/atjhin/label_tweets/venv/lib/python3.11/site-packages/transformers/activations.py", line 69, in forward
    return self.act(input)
           ^^^^^^^^^^^^^^^
torch.OutOfMemoryError: CUDA out of memory. Tried to allocate 280.00 MiB. GPU 0 has a total capacity of 39.49 GiB of which 70.31 MiB is free. Including non-PyTorch memory, this process has 39.42 GiB memory in use. Of the allocated memory 34.55 GiB is allocated by PyTorch, and 4.36 GiB is reserved by PyTorch but unallocated. If reserved but unallocated memory is large try setting PYTORCH_CUDA_ALLOC_CONF=expandable_segments:True to avoid fragmentation.  See documentation for Memory Management  (https://pytorch.org/docs/stable/notes/cuda.html#environment-variables)

Epoch 0:   0%|          | 12/7536 [00:08<1:26:13,  1.45it/s, v_num=4, train_loss=0.557]